This is pdfTeX, Version 3.14159265-2.6-1.40.18 (TeX Live 2017) (preloaded format=pdflatex 2018.1.9)  14 JAN 2018 19:49
entering extended mode
 restricted \write18 enabled.
 file:line:error style messages enabled.
 %&-line parsing enabled.
**CSI_3334_Homework_0_Spring_2018.tex
(./CSI_3334_Homework_0_Spring_2018.tex
LaTeX2e <2017-04-15>
Babel <3.10> and hyphenation patterns for 84 language(s) loaded.
(/usr/local/texlive/2017/texmf-dist/tex/latex/base/article.cls
Document Class: article 2014/09/29 v1.4h Standard LaTeX document class
(/usr/local/texlive/2017/texmf-dist/tex/latex/base/size12.clo
File: size12.clo 2014/09/29 v1.4h Standard LaTeX file (size option)
)
\c@part=\count79
\c@section=\count80
\c@subsection=\count81
\c@subsubsection=\count82
\c@paragraph=\count83
\c@subparagraph=\count84
\c@figure=\count85
\c@table=\count86
\abovecaptionskip=\skip41
\belowcaptionskip=\skip42
\bibindent=\dimen102
)
(/usr/local/texlive/2017/texmf-dist/tex/latex/geometry/geometry.sty
Package: geometry 2010/09/12 v5.6 Page Geometry

(/usr/local/texlive/2017/texmf-dist/tex/latex/graphics/keyval.sty
Package: keyval 2014/10/28 v1.15 key=value parser (DPC)
\KV@toks@=\toks14
)
(/usr/local/texlive/2017/texmf-dist/tex/generic/oberdiek/ifpdf.sty
Package: ifpdf 2017/03/15 v3.2 Provides the ifpdf switch
)
(/usr/local/texlive/2017/texmf-dist/tex/generic/oberdiek/ifvtex.sty
Package: ifvtex 2016/05/16 v1.6 Detect VTeX and its facilities (HO)
Package ifvtex Info: VTeX not detected.
)
(/usr/local/texlive/2017/texmf-dist/tex/generic/ifxetex/ifxetex.sty
Package: ifxetex 2010/09/12 v0.6 Provides ifxetex conditional
)
\Gm@cnth=\count87
\Gm@cntv=\count88
\c@Gm@tempcnt=\count89
\Gm@bindingoffset=\dimen103
\Gm@wd@mp=\dimen104
\Gm@odd@mp=\dimen105
\Gm@even@mp=\dimen106
\Gm@layoutwidth=\dimen107
\Gm@layoutheight=\dimen108
\Gm@layouthoffset=\dimen109
\Gm@layoutvoffset=\dimen110
\Gm@dimlist=\toks15
)
(/usr/local/texlive/2017/texmf-dist/tex/latex/nopageno/nopageno.sty
Package: nopageno 1989/01/01 no page numbers (DPC)
)
(/usr/local/texlive/2017/texmf-dist/tex/latex/graphics/color.sty
Package: color 2016/07/10 v1.1e Standard LaTeX Color (DPC)

(/usr/local/texlive/2017/texmf-dist/tex/latex/graphics-cfg/color.cfg
File: color.cfg 2016/01/02 v1.6 sample color configuration
)
Package color Info: Driver file: pdftex.def on input line 147.

(/usr/local/texlive/2017/texmf-dist/tex/latex/graphics-def/pdftex.def
File: pdftex.def 2017/01/12 v0.06k Graphics/color for pdfTeX

(/usr/local/texlive/2017/texmf-dist/tex/generic/oberdiek/infwarerr.sty
Package: infwarerr 2016/05/16 v1.4 Providing info/warning/error messages (HO)
)
(/usr/local/texlive/2017/texmf-dist/tex/generic/oberdiek/ltxcmds.sty
Package: ltxcmds 2016/05/16 v1.23 LaTeX kernel commands for general use (HO)
)
\Gread@gobject=\count90
))
(/usr/local/texlive/2017/texmf-dist/tex/latex/listings/listings.sty
\lst@mode=\count91
\lst@gtempboxa=\box26
\lst@token=\toks16
\lst@length=\count92
\lst@currlwidth=\dimen111
\lst@column=\count93
\lst@pos=\count94
\lst@lostspace=\dimen112
\lst@width=\dimen113
\lst@newlines=\count95
\lst@lineno=\count96
\lst@maxwidth=\dimen114

(/usr/local/texlive/2017/texmf-dist/tex/latex/listings/lstmisc.sty
File: lstmisc.sty 2015/06/04 1.6 (Carsten Heinz)
\c@lstnumber=\count97
\lst@skipnumbers=\count98
\lst@framebox=\box27
)
(/usr/local/texlive/2017/texmf-dist/tex/latex/listings/listings.cfg
File: listings.cfg 2015/06/04 1.6 listings configuration
))
Package: listings 2015/06/04 1.6 (Carsten Heinz)

(./CSI_3334_Homework_0_Spring_2018.aux)
\openout1 = `CSI_3334_Homework_0_Spring_2018.aux'.

LaTeX Font Info:    Checking defaults for OML/cmm/m/it on input line 18.
LaTeX Font Info:    ... okay on input line 18.
LaTeX Font Info:    Checking defaults for T1/cmr/m/n on input line 18.
LaTeX Font Info:    ... okay on input line 18.
LaTeX Font Info:    Checking defaults for OT1/cmr/m/n on input line 18.
LaTeX Font Info:    ... okay on input line 18.
LaTeX Font Info:    Checking defaults for OMS/cmsy/m/n on input line 18.
LaTeX Font Info:    ... okay on input line 18.
LaTeX Font Info:    Checking defaults for OMX/cmex/m/n on input line 18.
LaTeX Font Info:    ... okay on input line 18.
LaTeX Font Info:    Checking defaults for U/cmr/m/n on input line 18.
LaTeX Font Info:    ... okay on input line 18.

*geometry* driver: auto-detecting
*geometry* detected driver: pdftex
*geometry* verbose mode - [ preamble ] result:
* driver: pdftex
* paper: letterpaper
* layout: <same size as paper>
* layoutoffset:(h,v)=(0.0pt,0.0pt)
* modes: 
* h-part:(L,W,R)=(72.26999pt, 469.75502pt, 72.26999pt)
* v-part:(T,H,B)=(72.26999pt, 650.43001pt, 72.26999pt)
* \paperwidth=614.295pt
* \paperheight=794.96999pt
* \textwidth=469.75502pt
* \textheight=650.43001pt
* \oddsidemargin=0.0pt
* \evensidemargin=0.0pt
* \topmargin=-37.0pt
* \headheight=12.0pt
* \headsep=25.0pt
* \topskip=12.0pt
* \footskip=30.0pt
* \marginparwidth=44.0pt
* \marginparsep=10.0pt
* \columnsep=10.0pt
* \skip\footins=10.8pt plus 4.0pt minus 2.0pt
* \hoffset=0.0pt
* \voffset=0.0pt
* \mag=1000
* \@twocolumnfalse
* \@twosidefalse
* \@mparswitchfalse
* \@reversemarginfalse
* (1in=72.27pt=25.4mm, 1cm=28.453pt)

(/usr/local/texlive/2017/texmf-dist/tex/context/base/mkii/supp-pdf.mkii
[Loading MPS to PDF converter (version 2006.09.02).]
\scratchcounter=\count99
\scratchdimen=\dimen115
\scratchbox=\box28
\nofMPsegments=\count100
\nofMParguments=\count101
\everyMPshowfont=\toks17
\MPscratchCnt=\count102
\MPscratchDim=\dimen116
\MPnumerator=\count103
\makeMPintoPDFobject=\count104
\everyMPtoPDFconversion=\toks18
)
\c@lstlisting=\count105
LaTeX Font Info:    External font `cmex10' loaded for size
(Font)              <14.4> on input line 21.
LaTeX Font Info:    External font `cmex10' loaded for size
(Font)              <7> on input line 21.

Underfull \hbox (badness 10000) in paragraph at lines 30--36

 []


Underfull \hbox (badness 10000) in paragraph at lines 30--36

 []


Underfull \hbox (badness 10000) in paragraph at lines 30--36

 []


Underfull \hbox (badness 10000) in paragraph at lines 30--36

 []


Underfull \hbox (badness 10000) in paragraph at lines 30--36

 []


Underfull \hbox (badness 10000) in paragraph at lines 30--36

 []

LaTeX Font Info:    External font `cmex10' loaded for size
(Font)              <12> on input line 41.
LaTeX Font Info:    External font `cmex10' loaded for size
(Font)              <8> on input line 41.
LaTeX Font Info:    External font `cmex10' loaded for size
(Font)              <6> on input line 41.

Underfull \hbox (badness 10000) in paragraph at lines 37--57

 []


Underfull \hbox (badness 10000) in paragraph at lines 37--57

 []


Underfull \hbox (badness 10000) in paragraph at lines 37--57

 []


Underfull \hbox (badness 10000) in paragraph at lines 37--57

 []


Underfull \hbox (badness 10000) in paragraph at lines 37--57

 []


Underfull \hbox (badness 10000) in paragraph at lines 37--57

 []

[1

{/usr/local/texlive/2017/texmf-var/fonts/map/pdftex/updmap/pdftex.map}]
Underfull \hbox (badness 10000) in paragraph at lines 58--65

 []


Underfull \hbox (badness 10000) in paragraph at lines 58--65

 []


Underfull \hbox (badness 10000) in paragraph at lines 58--65

 []


Underfull \hbox (badness 10000) in paragraph at lines 58--65

 []


Underfull \hbox (badness 10000) in paragraph at lines 58--65

 []


Underfull \hbox (badness 10000) in paragraph at lines 58--65

 []


Underfull \hbox (badness 10000) in paragraph at lines 66--71

 []


Underfull \hbox (badness 10000) in paragraph at lines 66--71

 []

LaTeX Font Info:    Try loading font information for OMS+cmr on input line 72.
(/usr/local/texlive/2017/texmf-dist/tex/latex/base/omscmr.fd
File: omscmr.fd 2014/09/29 v2.5h Standard LaTeX font definitions
)
LaTeX Font Info:    Font shape `OMS/cmr/m/n' in size <12> not available
(Font)              Font shape `OMS/cmsy/m/n' tried instead on input line 72.
LaTeX Font Info:    Try loading font information for OML+cmr on input line 73.

(/usr/local/texlive/2017/texmf-dist/tex/latex/base/omlcmr.fd
File: omlcmr.fd 2014/09/29 v2.5h Standard LaTeX font definitions
)
LaTeX Font Info:    Font shape `OML/cmr/m/n' in size <12> not available
(Font)              Font shape `OML/cmm/m/it' tried instead on input line 73.
 [2]
Underfull \hbox (badness 10000) in paragraph at lines 85--86

 []


Underfull \hbox (badness 10000) in paragraph at lines 85--86

 []


Underfull \hbox (badness 10000) in paragraph at lines 88--92

 []


Underfull \hbox (badness 10000) in paragraph at lines 88--92

 []


Underfull \hbox (badness 10000) in paragraph at lines 88--92

 []


Underfull \hbox (badness 10000) in paragraph at lines 88--92

 []


Underfull \hbox (badness 10000) in paragraph at lines 93--102

 []


Underfull \hbox (badness 10000) in paragraph at lines 93--102

 []


Underfull \hbox (badness 10000) in paragraph at lines 93--102

 []


Underfull \hbox (badness 10000) in paragraph at lines 93--102

 []


Underfull \hbox (badness 10000) in paragraph at lines 93--102

 []


Underfull \hbox (badness 10000) in paragraph at lines 93--102

 []


Underfull \hbox (badness 10000) in paragraph at lines 93--102

 []


Underfull \hbox (badness 10000) in paragraph at lines 93--102

 []

[3]
Underfull \hbox (badness 10000) in paragraph at lines 103--127

 []


Underfull \hbox (badness 10000) in paragraph at lines 103--127

 []


Underfull \hbox (badness 10000) in paragraph at lines 103--127

 []


Underfull \hbox (badness 10000) in paragraph at lines 103--127

 []


Underfull \hbox (badness 10000) in paragraph at lines 103--127

 []


Underfull \hbox (badness 10000) in paragraph at lines 103--127

 []

[4] (./CSI_3334_Homework_0_Spring_2018.aux) ) 
Here is how much of TeX's memory you used:
 2736 strings out of 492995
 39353 string characters out of 6132705
 108560 words of memory out of 5000000
 6304 multiletter control sequences out of 15000+600000
 7588 words of font info for 27 fonts, out of 8000000 for 9000
 1141 hyphenation exceptions out of 8191
 26i,6n,32p,585b,1459s stack positions out of 5000i,500n,10000p,200000b,80000s
</usr/local/texlive/2017/texmf-dis
t/fonts/type1/public/amsfonts/cm/cmex10.pfb></usr/local/texlive/2017/texmf-dist
/fonts/type1/public/amsfonts/cm/cmmi12.pfb></usr/local/texlive/2017/texmf-dist/
fonts/type1/public/amsfonts/cm/cmmi8.pfb></usr/local/texlive/2017/texmf-dist/fo
nts/type1/public/amsfonts/cm/cmr12.pfb></usr/local/texlive/2017/texmf-dist/font
s/type1/public/amsfonts/cm/cmr17.pfb></usr/local/texlive/2017/texmf-dist/fonts/
type1/public/amsfonts/cm/cmr8.pfb></usr/local/texlive/2017/texmf-dist/fonts/typ
e1/public/amsfonts/cm/cmsy10.pfb>
Output written on CSI_3334_Homework_0_Spring_2018.pdf (4 pages, 79025 bytes).
PDF statistics:
 45 PDF objects out of 1000 (max. 8388607)
 31 compressed objects within 1 object stream
 0 named destinations out of 1000 (max. 500000)
 1 words of extra memory for PDF output out of 10000 (max. 10000000)

